Assembler report for FM
Tue Dec 20 19:25:52 2022
Quartus Prime Version 17.0.0 Build 595 04/25/2017 SJ Standard Edition


---------------------
; Table of Contents ;
---------------------
  1. Legal Notice
  2. Assembler Summary
  3. Assembler Settings
  4. Assembler Encrypted IP Cores Summary
  5. Assembler Generated Files
  6. Assembler Device Options: C:/Users/Elia Yfrach/Desktop/Project/Processing_Unit/output_files/FM.sof
  7. Assembler Messages



----------------
; Legal Notice ;
----------------
Copyright (C) 2017  Intel Corporation. All rights reserved.
Your use of Intel Corporation's design tools, logic functions 
and other software and tools, and its AMPP partner logic 
functions, and any output files from any of the foregoing 
(including device programming or simulation files), and any 
associated documentation or information are expressly subject 
to the terms and conditions of the Intel Program License 
Subscription Agreement, the Intel Quartus Prime License Agreement,
the Intel MegaCore Function License Agreement, or other 
applicable license agreement, including, without limitation, 
that your use is for the sole purpose of programming logic 
devices manufactured by Intel and sold by Intel or its 
authorized distributors.  Please refer to the applicable 
agreement for further details.



+---------------------------------------------------------------+
; Assembler Summary                                             ;
+-----------------------+---------------------------------------+
; Assembler Status      ; Successful - Tue Dec 20 19:25:52 2022 ;
; Revision Name         ; FM                                    ;
; Top-level Entity Name ; BDF_V2                                ;
; Family                ; Cyclone V                             ;
; Device                ; 5CGXFC5C6F27C7                        ;
+-----------------------+---------------------------------------+


+----------------------------------+
; Assembler Settings               ;
+--------+---------+---------------+
; Option ; Setting ; Default Value ;
+--------+---------+---------------+


+--------------------------------------------------+
; Assembler Encrypted IP Cores Summary             ;
+--------+--------------------------+--------------+
; Vendor ; IP Core Name             ; License Type ;
+--------+--------------------------+--------------+
; Altera ; NCO Compiler (6AF7 0014) ; Licensed     ;
; Altera ; FFT/IFFT (6AF7 0034)     ; Licensed     ;
; Altera ; Signal Tap (6AF7 BCE1)   ; Licensed     ;
; Altera ; Signal Tap (6AF7 BCEC)   ; Licensed     ;
+--------+--------------------------+--------------+


+--------------------------------------------------------------------------+
; Assembler Generated Files                                                ;
+--------------------------------------------------------------------------+
; File Name                                                                ;
+--------------------------------------------------------------------------+
; C:/Users/Elia Yfrach/Desktop/Project/Processing_Unit/output_files/FM.sof ;
+--------------------------------------------------------------------------+


+----------------------------------------------------------------------------------------------------+
; Assembler Device Options: C:/Users/Elia Yfrach/Desktop/Project/Processing_Unit/output_files/FM.sof ;
+----------------+-----------------------------------------------------------------------------------+
; Option         ; Setting                                                                           ;
+----------------+-----------------------------------------------------------------------------------+
; JTAG usercode  ; 0x058D9A54                                                                        ;
; Checksum       ; 0x058D9A54                                                                        ;
+----------------+-----------------------------------------------------------------------------------+


+--------------------+
; Assembler Messages ;
+--------------------+
Info: *******************************************************************
Info: Running Quartus Prime Assembler
    Info: Version 17.0.0 Build 595 04/25/2017 SJ Standard Edition
    Info: Processing started: Tue Dec 20 19:25:24 2022
Info: Command: quartus_asm --read_settings_files=off --write_settings_files=off FM -c FM
Warning (18236): Number of processors has not been specified which may cause overloading on shared machines.  Set the global assignment NUM_PARALLEL_PROCESSORS in your QSF to an appropriate value for best performance.
Info (115030): Assembler is generating device programming files
Info: Quartus Prime Assembler was successful. 0 errors, 1 warning
    Info: Peak virtual memory: 5020 megabytes
    Info: Processing ended: Tue Dec 20 19:25:52 2022
    Info: Elapsed time: 00:00:28
    Info: Total CPU time (on all processors): 00:00:25


