Flow report for FM
Wed Dec 21 13:38:25 2022
Quartus Prime Version 17.0.0 Build 595 04/25/2017 SJ Standard Edition


---------------------
; Table of Contents ;
---------------------
  1. Legal Notice
  2. Flow Summary
  3. Flow Settings
  4. Flow Non-Default Global Settings
  5. Flow Elapsed Time
  6. Flow OS Summary
  7. Flow Log
  8. Flow Messages
  9. Flow Suppressed Messages



----------------
; Legal Notice ;
----------------
Copyright (C) 2017  Intel Corporation. All rights reserved.
Your use of Intel Corporation's design tools, logic functions 
and other software and tools, and its AMPP partner logic 
functions, and any output files from any of the foregoing 
(including device programming or simulation files), and any 
associated documentation or information are expressly subject 
to the terms and conditions of the Intel Program License 
Subscription Agreement, the Intel Quartus Prime License Agreement,
the Intel MegaCore Function License Agreement, or other 
applicable license agreement, including, without limitation, 
that your use is for the sole purpose of programming logic 
devices manufactured by Intel and sold by Intel or its 
authorized distributors.  Please refer to the applicable 
agreement for further details.



+-----------------------------------------------------------------------------------+
; Flow Summary                                                                      ;
+---------------------------------+-------------------------------------------------+
; Flow Status                     ; Successful - Wed Dec 21 13:37:38 2022           ;
; Quartus Prime Version           ; 17.0.0 Build 595 04/25/2017 SJ Standard Edition ;
; Revision Name                   ; FM                                              ;
; Top-level Entity Name           ; BDF_V2                                          ;
; Family                          ; Cyclone V                                       ;
; Device                          ; 5CGXFC5C6F27C7                                  ;
; Timing Models                   ; Final                                           ;
; Logic utilization (in ALMs)     ; 7,495 / 29,080 ( 26 % )                         ;
; Total registers                 ; 13647                                           ;
; Total pins                      ; 4 / 364 ( 1 % )                                 ;
; Total virtual pins              ; 0                                               ;
; Total block memory bits         ; 2,227,208 / 4,567,040 ( 49 % )                  ;
; Total DSP Blocks                ; 68 / 150 ( 45 % )                               ;
; Total HSSI RX PCSs              ; 0 / 6 ( 0 % )                                   ;
; Total HSSI PMA RX Deserializers ; 0 / 6 ( 0 % )                                   ;
; Total HSSI TX PCSs              ; 0 / 6 ( 0 % )                                   ;
; Total HSSI PMA TX Serializers   ; 0 / 6 ( 0 % )                                   ;
; Total PLLs                      ; 1 / 12 ( 8 % )                                  ;
; Total DLLs                      ; 0 / 4 ( 0 % )                                   ;
+---------------------------------+-------------------------------------------------+


+-----------------------------------------+
; Flow Settings                           ;
+-------------------+---------------------+
; Option            ; Setting             ;
+-------------------+---------------------+
; Start date & time ; 12/21/2022 13:30:43 ;
; Main task         ; Compilation         ;
; Revision Name     ; FM                  ;
+-------------------+---------------------+


+-------------------------------------------------------------------------------------------------------------------------------------------------------------------------------------------------------------------------------------------------------------------------+
; Flow Non-Default Global Settings                                                                                                                                                                                                                                        ;
+-------------------------------------+---------------------------------------------------------------------------------------------------------------------------------------------------------------------------+---------------+-------------------+-------------------+
; Assignment Name                     ; Value                                                                                                                                                                     ; Default Value ; Entity Name       ; Section Id        ;
+-------------------------------------+---------------------------------------------------------------------------------------------------------------------------------------------------------------------------+---------------+-------------------+-------------------+
; COMPILER_SIGNATURE_ID               ; 198696041142328.167162224314144                                                                                                                                           ; --            ; --                ; --                ;
; ENABLE_SIGNALTAP                    ; On                                                                                                                                                                        ; --            ; --                ; --                ;
; MAX_CORE_JUNCTION_TEMP              ; 85                                                                                                                                                                        ; --            ; --                ; --                ;
; MESSAGE_DISABLE                     ; 270007                                                                                                                                                                    ; --            ; FFT_FFT_Comp      ; --                ;
; MESSAGE_DISABLE                     ; 270007                                                                                                                                                                    ; --            ; FM_FFT_FM_FFT     ; --                ;
; MIN_CORE_JUNCTION_TEMP              ; 0                                                                                                                                                                         ; --            ; --                ; --                ;
; MISC_FILE                           ; fifo_decimation_4/synthesis/../fifo_decimation_4.cmp                                                                                                                      ; --            ; --                ; --                ;
; MISC_FILE                           ; fifo_decimation_4/synthesis/../../fifo_decimation_4.qsys                                                                                                                  ; --            ; --                ; --                ;
; MISC_FILE                           ; FM_FFT/synthesis/../FM_FFT.cmp                                                                                                                                            ; --            ; --                ; --                ;
; MISC_FILE                           ; FM_FFT/synthesis/../../FM_FFT.qsys                                                                                                                                        ; --            ; --                ; --                ;
; MISC_FILE                           ; FFT/synthesis/../FFT.cmp                                                                                                                                                  ; --            ; --                ; --                ;
; MISC_FILE                           ; FFT/synthesis/../../FFT.qsys                                                                                                                                              ; --            ; --                ; --                ;
; MISC_FILE                           ; fifo_decimation_3/synthesis/../fifo_decimation_3.cmp                                                                                                                      ; --            ; --                ; --                ;
; MISC_FILE                           ; fifo_decimation_3/synthesis/../../fifo_decimation_3.qsys                                                                                                                  ; --            ; --                ; --                ;
; MISC_FILE                           ; NCO_TEST/synthesis/../NCO_TEST.cmp                                                                                                                                        ; --            ; --                ; --                ;
; MISC_FILE                           ; NCO_TEST/synthesis/../../NCO_TEST.qsys                                                                                                                                    ; --            ; --                ; --                ;
; MISC_FILE                           ; NCO_150/synthesis/../NCO_150.cmp                                                                                                                                          ; --            ; --                ; --                ;
; MISC_FILE                           ; NCO_150/synthesis/../../NCO_150.qsys                                                                                                                                      ; --            ; --                ; --                ;
; MISC_FILE                           ; fifo_decimation_2/synthesis/../fifo_decimation_2.cmp                                                                                                                      ; --            ; --                ; --                ;
; MISC_FILE                           ; fifo_decimation_2/synthesis/../../fifo_decimation_2.qsys                                                                                                                  ; --            ; --                ; --                ;
; MISC_FILE                           ; fifo_decimation/synthesis/../fifo_decimation.cmp                                                                                                                          ; --            ; --                ; --                ;
; MISC_FILE                           ; fifo_decimation/synthesis/../../fifo_decimation.qsys                                                                                                                      ; --            ; --                ; --                ;
; MISC_FILE                           ; PLL/synthesis/../PLL.cmp                                                                                                                                                  ; --            ; --                ; --                ;
; MISC_FILE                           ; PLL/synthesis/../../PLL.qsys                                                                                                                                              ; --            ; --                ; --                ;
; MISC_FILE                           ; NCO_IQ/synthesis/../NCO_IQ.cmp                                                                                                                                            ; --            ; --                ; --                ;
; MISC_FILE                           ; NCO_IQ/synthesis/../../NCO_IQ.qsys                                                                                                                                        ; --            ; --                ; --                ;
; MISC_FILE                           ; NCO_Data/synthesis/../NCO_Data.cmp                                                                                                                                        ; --            ; --                ; --                ;
; MISC_FILE                           ; NCO_Data/synthesis/../../NCO_Data.qsys                                                                                                                                    ; --            ; --                ; --                ;
; MISC_FILE                           ; NCO_FM/synthesis/../NCO_FM.cmp                                                                                                                                            ; --            ; --                ; --                ;
; MISC_FILE                           ; NCO_FM/synthesis/../../NCO_FM.qsys                                                                                                                                        ; --            ; --                ; --                ;
; PARTITION_COLOR                     ; -- (Not supported for targeted family)                                                                                                                                    ; --            ; BDF_V2            ; Top               ;
; PARTITION_FITTER_PRESERVATION_LEVEL ; -- (Not supported for targeted family)                                                                                                                                    ; --            ; BDF_V2            ; Top               ;
; PARTITION_NETLIST_TYPE              ; -- (Not supported for targeted family)                                                                                                                                    ; --            ; BDF_V2            ; Top               ;
; POWER_BOARD_THERMAL_MODEL           ; None (CONSERVATIVE)                                                                                                                                                       ; --            ; --                ; --                ;
; POWER_PRESET_COOLING_SOLUTION       ; 23 MM HEAT SINK WITH 200 LFPM AIRFLOW                                                                                                                                     ; --            ; --                ; --                ;
; PROJECT_OUTPUT_DIRECTORY            ; output_files                                                                                                                                                              ; --            ; --                ; --                ;
; SLD_FILE                            ; fifo_decimation_4/synthesis/fifo_decimation_4.debuginfo                                                                                                                   ; --            ; --                ; --                ;
; SLD_FILE                            ; FM_FFT/synthesis/FM_FFT.debuginfo                                                                                                                                         ; --            ; --                ; --                ;
; SLD_FILE                            ; FFT/synthesis/FFT.debuginfo                                                                                                                                               ; --            ; --                ; --                ;
; SLD_FILE                            ; fifo_decimation_3/synthesis/fifo_decimation_3.debuginfo                                                                                                                   ; --            ; --                ; --                ;
; SLD_FILE                            ; NCO_TEST/synthesis/NCO_TEST.debuginfo                                                                                                                                     ; --            ; --                ; --                ;
; SLD_FILE                            ; NCO_150/synthesis/NCO_150.debuginfo                                                                                                                                       ; --            ; --                ; --                ;
; SLD_FILE                            ; fifo_decimation_2/synthesis/fifo_decimation_2.debuginfo                                                                                                                   ; --            ; --                ; --                ;
; SLD_FILE                            ; fifo_decimation/synthesis/fifo_decimation.debuginfo                                                                                                                       ; --            ; --                ; --                ;
; SLD_FILE                            ; PLL/synthesis/PLL.debuginfo                                                                                                                                               ; --            ; --                ; --                ;
; SLD_FILE                            ; NCO_IQ/synthesis/NCO_IQ.debuginfo                                                                                                                                         ; --            ; --                ; --                ;
; SLD_FILE                            ; NCO_Data/synthesis/NCO_Data.debuginfo                                                                                                                                     ; --            ; --                ; --                ;
; SLD_FILE                            ; NCO_FM/synthesis/NCO_FM.debuginfo                                                                                                                                         ; --            ; --                ; --                ;
; SLD_FILE                            ; db/FM_SignalGenerator_auto_stripped.stp                                                                                                                                   ; --            ; --                ; --                ;
; SLD_INFO                            ; QSYS_NAME FFT HAS_SOPCINFO 1 GENERATION_ID 1661781102                                                                                                                     ; --            ; FFT               ; --                ;
; SLD_INFO                            ; QSYS_NAME FM_FFT HAS_SOPCINFO 1 GENERATION_ID 1666772851                                                                                                                  ; --            ; FM_FFT            ; --                ;
; SLD_INFO                            ; QSYS_NAME NCO_150 HAS_SOPCINFO 1 GENERATION_ID 1661086791                                                                                                                 ; --            ; NCO_150           ; --                ;
; SLD_INFO                            ; QSYS_NAME NCO_Data HAS_SOPCINFO 1 GENERATION_ID 1666174651                                                                                                                ; --            ; NCO_Data          ; --                ;
; SLD_INFO                            ; QSYS_NAME NCO_FM HAS_SOPCINFO 1 GENERATION_ID 1671533839                                                                                                                  ; --            ; NCO_FM            ; --                ;
; SLD_INFO                            ; QSYS_NAME NCO_IQ HAS_SOPCINFO 1 GENERATION_ID 1658066444                                                                                                                  ; --            ; NCO_IQ            ; --                ;
; SLD_INFO                            ; QSYS_NAME NCO_TEST HAS_SOPCINFO 1 GENERATION_ID 1661085672                                                                                                                ; --            ; NCO_TEST          ; --                ;
; SLD_INFO                            ; QSYS_NAME PLL HAS_SOPCINFO 1 GENERATION_ID 1670414473                                                                                                                     ; --            ; PLL               ; --                ;
; SLD_INFO                            ; QSYS_NAME fifo_decimation HAS_SOPCINFO 1 GENERATION_ID 1659445544                                                                                                         ; --            ; fifo_decimation   ; --                ;
; SLD_INFO                            ; QSYS_NAME fifo_decimation_2 HAS_SOPCINFO 1 GENERATION_ID 1659795257                                                                                                       ; --            ; fifo_decimation_2 ; --                ;
; SLD_INFO                            ; QSYS_NAME fifo_decimation_3 HAS_SOPCINFO 1 GENERATION_ID 1661345988                                                                                                       ; --            ; fifo_decimation_3 ; --                ;
; SLD_INFO                            ; QSYS_NAME fifo_decimation_4 HAS_SOPCINFO 1 GENERATION_ID 1668587012                                                                                                       ; --            ; fifo_decimation_4 ; --                ;
; SLD_NODE_CREATOR_ID                 ; 110                                                                                                                                                                       ; --            ; --                ; auto_signaltap_11 ;
; SLD_NODE_ENTITY_NAME                ; sld_signaltap                                                                                                                                                             ; --            ; --                ; auto_signaltap_11 ;
; SLD_NODE_PARAMETER_ASSIGNMENT       ; SLD_RAM_BLOCK_TYPE=AUTO                                                                                                                                                   ; --            ; --                ; auto_signaltap_11 ;
; SLD_NODE_PARAMETER_ASSIGNMENT       ; SLD_DATA_BITS=43                                                                                                                                                          ; --            ; --                ; auto_signaltap_11 ;
; SLD_NODE_PARAMETER_ASSIGNMENT       ; SLD_TRIGGER_BITS=43                                                                                                                                                       ; --            ; --                ; auto_signaltap_11 ;
; SLD_NODE_PARAMETER_ASSIGNMENT       ; SLD_STORAGE_QUALIFIER_BITS=43                                                                                                                                             ; --            ; --                ; auto_signaltap_11 ;
; SLD_NODE_PARAMETER_ASSIGNMENT       ; SLD_NODE_INFO=805334539                                                                                                                                                   ; --            ; --                ; auto_signaltap_11 ;
; SLD_NODE_PARAMETER_ASSIGNMENT       ; SLD_POWER_UP_TRIGGER=0                                                                                                                                                    ; --            ; --                ; auto_signaltap_11 ;
; SLD_NODE_PARAMETER_ASSIGNMENT       ; SLD_STORAGE_QUALIFIER_INVERSION_MASK_LENGTH=0                                                                                                                             ; --            ; --                ; auto_signaltap_11 ;
; SLD_NODE_PARAMETER_ASSIGNMENT       ; SLD_ATTRIBUTE_MEM_MODE=OFF                                                                                                                                                ; --            ; --                ; auto_signaltap_11 ;
; SLD_NODE_PARAMETER_ASSIGNMENT       ; SLD_STATE_FLOW_USE_GENERATED=0                                                                                                                                            ; --            ; --                ; auto_signaltap_11 ;
; SLD_NODE_PARAMETER_ASSIGNMENT       ; SLD_STATE_BITS=11                                                                                                                                                         ; --            ; --                ; auto_signaltap_11 ;
; SLD_NODE_PARAMETER_ASSIGNMENT       ; SLD_BUFFER_FULL_STOP=1                                                                                                                                                    ; --            ; --                ; auto_signaltap_11 ;
; SLD_NODE_PARAMETER_ASSIGNMENT       ; SLD_CURRENT_RESOURCE_WIDTH=1                                                                                                                                              ; --            ; --                ; auto_signaltap_11 ;
; SLD_NODE_PARAMETER_ASSIGNMENT       ; SLD_INCREMENTAL_ROUTING=1                                                                                                                                                 ; --            ; --                ; auto_signaltap_11 ;
; SLD_NODE_PARAMETER_ASSIGNMENT       ; SLD_TRIGGER_LEVEL=1                                                                                                                                                       ; --            ; --                ; auto_signaltap_11 ;
; SLD_NODE_PARAMETER_ASSIGNMENT       ; SLD_TRIGGER_IN_ENABLED=0                                                                                                                                                  ; --            ; --                ; auto_signaltap_11 ;
; SLD_NODE_PARAMETER_ASSIGNMENT       ; SLD_TRIGGER_PIPELINE=0                                                                                                                                                    ; --            ; --                ; auto_signaltap_11 ;
; SLD_NODE_PARAMETER_ASSIGNMENT       ; SLD_RAM_PIPELINE=0                                                                                                                                                        ; --            ; --                ; auto_signaltap_11 ;
; SLD_NODE_PARAMETER_ASSIGNMENT       ; SLD_COUNTER_PIPELINE=0                                                                                                                                                    ; --            ; --                ; auto_signaltap_11 ;
; SLD_NODE_PARAMETER_ASSIGNMENT       ; SLD_ADVANCED_TRIGGER_ENTITY=basic,1,                                                                                                                                      ; --            ; --                ; auto_signaltap_11 ;
; SLD_NODE_PARAMETER_ASSIGNMENT       ; SLD_TRIGGER_LEVEL_PIPELINE=1                                                                                                                                              ; --            ; --                ; auto_signaltap_11 ;
; SLD_NODE_PARAMETER_ASSIGNMENT       ; SLD_ENABLE_ADVANCED_TRIGGER=0                                                                                                                                             ; --            ; --                ; auto_signaltap_11 ;
; SLD_NODE_PARAMETER_ASSIGNMENT       ; SLD_INVERSION_MASK=000000000000000000000000000000000000000000000000000000000000000000000000000000000000000000000000000000000000000000000000000000000000000000000000000000 ; --            ; --                ; auto_signaltap_11 ;
; SLD_NODE_PARAMETER_ASSIGNMENT       ; SLD_INVERSION_MASK_LENGTH=150                                                                                                                                             ; --            ; --                ; auto_signaltap_11 ;
; SLD_NODE_PARAMETER_ASSIGNMENT       ; SLD_SEGMENT_SIZE=128                                                                                                                                                      ; --            ; --                ; auto_signaltap_11 ;
; SLD_NODE_PARAMETER_ASSIGNMENT       ; SLD_SAMPLE_DEPTH=128                                                                                                                                                      ; --            ; --                ; auto_signaltap_11 ;
; SOPCINFO_FILE                       ; fifo_decimation_4/synthesis/../../fifo_decimation_4.sopcinfo                                                                                                              ; --            ; --                ; --                ;
; SOPCINFO_FILE                       ; FM_FFT/synthesis/../../FM_FFT.sopcinfo                                                                                                                                    ; --            ; --                ; --                ;
; SOPCINFO_FILE                       ; FFT/synthesis/../../FFT.sopcinfo                                                                                                                                          ; --            ; --                ; --                ;
; SOPCINFO_FILE                       ; fifo_decimation_3/synthesis/../../fifo_decimation_3.sopcinfo                                                                                                              ; --            ; --                ; --                ;
; SOPCINFO_FILE                       ; NCO_TEST/synthesis/../../NCO_TEST.sopcinfo                                                                                                                                ; --            ; --                ; --                ;
; SOPCINFO_FILE                       ; NCO_150/synthesis/../../NCO_150.sopcinfo                                                                                                                                  ; --            ; --                ; --                ;
; SOPCINFO_FILE                       ; fifo_decimation_2/synthesis/../../fifo_decimation_2.sopcinfo                                                                                                              ; --            ; --                ; --                ;
; SOPCINFO_FILE                       ; fifo_decimation/synthesis/../../fifo_decimation.sopcinfo                                                                                                                  ; --            ; --                ; --                ;
; SOPCINFO_FILE                       ; PLL/synthesis/../../PLL.sopcinfo                                                                                                                                          ; --            ; --                ; --                ;
; SOPCINFO_FILE                       ; NCO_IQ/synthesis/../../NCO_IQ.sopcinfo                                                                                                                                    ; --            ; --                ; --                ;
; SOPCINFO_FILE                       ; NCO_Data/synthesis/../../NCO_Data.sopcinfo                                                                                                                                ; --            ; --                ; --                ;
; SOPCINFO_FILE                       ; NCO_FM/synthesis/../../NCO_FM.sopcinfo                                                                                                                                    ; --            ; --                ; --                ;
; SYNTHESIS_ONLY_QIP                  ; On                                                                                                                                                                        ; --            ; --                ; --                ;
; SYNTHESIS_ONLY_QIP                  ; On                                                                                                                                                                        ; --            ; --                ; --                ;
; SYNTHESIS_ONLY_QIP                  ; On                                                                                                                                                                        ; --            ; --                ; --                ;
; SYNTHESIS_ONLY_QIP                  ; On                                                                                                                                                                        ; --            ; --                ; --                ;
; SYNTHESIS_ONLY_QIP                  ; On                                                                                                                                                                        ; --            ; --                ; --                ;
; SYNTHESIS_ONLY_QIP                  ; On                                                                                                                                                                        ; --            ; --                ; --                ;
; SYNTHESIS_ONLY_QIP                  ; On                                                                                                                                                                        ; --            ; --                ; --                ;
; SYNTHESIS_ONLY_QIP                  ; On                                                                                                                                                                        ; --            ; --                ; --                ;
; SYNTHESIS_ONLY_QIP                  ; On                                                                                                                                                                        ; --            ; --                ; --                ;
; SYNTHESIS_ONLY_QIP                  ; On                                                                                                                                                                        ; --            ; --                ; --                ;
; SYNTHESIS_ONLY_QIP                  ; On                                                                                                                                                                        ; --            ; --                ; --                ;
; SYNTHESIS_ONLY_QIP                  ; On                                                                                                                                                                        ; --            ; --                ; --                ;
; TOP_LEVEL_ENTITY                    ; BDF_V2                                                                                                                                                                    ; FM            ; --                ; --                ;
; USE_SIGNALTAP_FILE                  ; FM_SignalGenerator.stp                                                                                                                                                    ; --            ; --                ; --                ;
+-------------------------------------+---------------------------------------------------------------------------------------------------------------------------------------------------------------------------+---------------+-------------------+-------------------+


+-------------------------------------------------------------------------------------------------------------------------------+
; Flow Elapsed Time                                                                                                             ;
+---------------------------+--------------+-------------------------+---------------------+------------------------------------+
; Module Name               ; Elapsed Time ; Average Processors Used ; Peak Virtual Memory ; Total CPU Time (on all processors) ;
+---------------------------+--------------+-------------------------+---------------------+------------------------------------+
; Analysis & Synthesis      ; 00:02:05     ; 1.4                     ; 5324 MB             ; 00:03:11                           ;
; Fitter                    ; 00:04:07     ; 1.3                     ; 7033 MB             ; 00:11:44                           ;
; Assembler                 ; 00:00:22     ; 1.0                     ; 5040 MB             ; 00:00:22                           ;
; TimeQuest Timing Analyzer ; 00:00:45     ; 2.6                     ; 5609 MB             ; 00:01:48                           ;
; Total                     ; 00:07:19     ; --                      ; --                  ; 00:17:05                           ;
+---------------------------+--------------+-------------------------+---------------------+------------------------------------+


+-----------------------------------------------------------------------------------------+
; Flow OS Summary                                                                         ;
+---------------------------+------------------+------------+------------+----------------+
; Module Name               ; Machine Hostname ; OS Name    ; OS Version ; Processor type ;
+---------------------------+------------------+------------+------------+----------------+
; Analysis & Synthesis      ; LAPTOP-VK5FSFEF  ; Windows 10 ; 10.0       ; x86_64         ;
; Fitter                    ; LAPTOP-VK5FSFEF  ; Windows 10 ; 10.0       ; x86_64         ;
; Assembler                 ; LAPTOP-VK5FSFEF  ; Windows 10 ; 10.0       ; x86_64         ;
; TimeQuest Timing Analyzer ; LAPTOP-VK5FSFEF  ; Windows 10 ; 10.0       ; x86_64         ;
+---------------------------+------------------+------------+------------+----------------+


------------
; Flow Log ;
------------
quartus_map --read_settings_files=on --write_settings_files=off FM -c FM
quartus_fit --read_settings_files=off --write_settings_files=off FM -c FM
quartus_asm --read_settings_files=off --write_settings_files=off FM -c FM
quartus_sta FM -c FM



