TimeQuest Timing Analyzer report for FM
Wed Nov 16 11:30:45 2022
Quartus Prime Version 17.0.0 Build 595 04/25/2017 SJ Standard Edition


---------------------
; Table of Contents ;
---------------------
  1. Legal Notice
  2. TimeQuest Timing Analyzer Summary
  3. Parallel Compilation
  4. SDC File List
  5. Clocks
  6. Slow 1100mV 85C Model Fmax Summary
  7. Timing Closure Recommendations
  8. Slow 1100mV 85C Model Setup Summary
  9. Slow 1100mV 85C Model Hold Summary
 10. Slow 1100mV 85C Model Recovery Summary
 11. Slow 1100mV 85C Model Removal Summary
 12. Slow 1100mV 85C Model Minimum Pulse Width Summary
 13. Slow 1100mV 85C Model Metastability Summary
 14. Slow 1100mV 0C Model Fmax Summary
 15. Slow 1100mV 0C Model Setup Summary
 16. Slow 1100mV 0C Model Hold Summary
 17. Slow 1100mV 0C Model Recovery Summary
 18. Slow 1100mV 0C Model Removal Summary
 19. Slow 1100mV 0C Model Minimum Pulse Width Summary
 20. Slow 1100mV 0C Model Metastability Summary
 21. Fast 1100mV 85C Model Setup Summary
 22. Fast 1100mV 85C Model Hold Summary
 23. Fast 1100mV 85C Model Recovery Summary
 24. Fast 1100mV 85C Model Removal Summary
 25. Fast 1100mV 85C Model Minimum Pulse Width Summary
 26. Fast 1100mV 85C Model Metastability Summary
 27. Fast 1100mV 0C Model Setup Summary
 28. Fast 1100mV 0C Model Hold Summary
 29. Fast 1100mV 0C Model Recovery Summary
 30. Fast 1100mV 0C Model Removal Summary
 31. Fast 1100mV 0C Model Minimum Pulse Width Summary
 32. Fast 1100mV 0C Model Metastability Summary
 33. Multicorner Timing Analysis Summary
 34. Board Trace Model Assignments
 35. Input Transition Times
 36. Signal Integrity Metrics (Slow 1100mv 0c Model)
 37. Signal Integrity Metrics (Slow 1100mv 85c Model)
 38. Signal Integrity Metrics (Fast 1100mv 0c Model)
 39. Signal Integrity Metrics (Fast 1100mv 85c Model)
 40. Setup Transfers
 41. Hold Transfers
 42. Recovery Transfers
 43. Removal Transfers
 44. Report TCCS
 45. Report RSKM
 46. Unconstrained Paths Summary
 47. Clock Status Summary
 48. Unconstrained Input Ports
 49. Unconstrained Output Ports
 50. Unconstrained Input Ports
 51. Unconstrained Output Ports
 52. TimeQuest Timing Analyzer Messages



----------------
; Legal Notice ;
----------------
Copyright (C) 2017  Intel Corporation. All rights reserved.
Your use of Intel Corporation's design tools, logic functions 
and other software and tools, and its AMPP partner logic 
functions, and any output files from any of the foregoing 
(including device programming or simulation files), and any 
associated documentation or information are expressly subject 
to the terms and conditions of the Intel Program License 
Subscription Agreement, the Intel Quartus Prime License Agreement,
the Intel MegaCore Function License Agreement, or other 
applicable license agreement, including, without limitation, 
that your use is for the sole purpose of programming logic 
devices manufactured by Intel and sold by Intel or its 
authorized distributors.  Please refer to the applicable 
agreement for further details.



+---------------------------------------------------------------------------------+
; TimeQuest Timing Analyzer Summary                                               ;
+-----------------------+---------------------------------------------------------+
; Quartus Prime Version ; Version 17.0.0 Build 595 04/25/2017 SJ Standard Edition ;
; Timing Analyzer       ; TimeQuest                                               ;
; Revision Name         ; FM                                                      ;
; Device Family         ; Cyclone V                                               ;
; Device Name           ; 5CGXFC5C6F27C7                                          ;
; Timing Models         ; Final                                                   ;
; Delay Model           ; Combined                                                ;
; Rise/Fall Delays      ; Enabled                                                 ;
+-----------------------+---------------------------------------------------------+


+------------------------------------------+
; Parallel Compilation                     ;
+----------------------------+-------------+
; Processors                 ; Number      ;
+----------------------------+-------------+
; Number detected on machine ; 8           ;
; Maximum allowed            ; 4           ;
;                            ;             ;
; Average used               ; 2.29        ;
; Maximum used               ; 4           ;
;                            ;             ;
; Usage by Processor         ; % Time Used ;
;     Processor 1            ; 100.0%      ;
;     Processor 2            ;  43.0%      ;
;     Processor 3            ;  43.0%      ;
;     Processor 4            ;  42.9%      ;
+----------------------------+-------------+


+--------------------------------------------------------------------------------------------------------------------+
; SDC File List                                                                                                      ;
+--------------------------------------------------------------------------------+--------+--------------------------+
; SDC File Path                                                                  ; Status ; Read at                  ;
+--------------------------------------------------------------------------------+--------+--------------------------+
; fifo_decimation_4/synthesis/submodules/altera_reset_controller.sdc             ; OK     ; Wed Nov 16 11:29:50 2022 ;
; fifo_decimation_4/synthesis/submodules/fifo_decimation_4_fifo_decimation_4.sdc ; OK     ; Wed Nov 16 11:29:50 2022 ;
; FM_FFT/synthesis/submodules/altera_reset_controller.sdc                        ; OK     ; Wed Nov 16 11:29:50 2022 ;
; FFT/synthesis/submodules/altera_reset_controller.sdc                           ; OK     ; Wed Nov 16 11:29:50 2022 ;
; fifo_decimation_3/synthesis/submodules/altera_reset_controller.sdc             ; OK     ; Wed Nov 16 11:29:50 2022 ;
; fifo_decimation_3/synthesis/submodules/fifo_decimation_3_fifo_decimation_3.sdc ; OK     ; Wed Nov 16 11:29:51 2022 ;
; NCO_TEST/synthesis/submodules/altera_reset_controller.sdc                      ; OK     ; Wed Nov 16 11:29:51 2022 ;
; NCO_150/synthesis/submodules/altera_reset_controller.sdc                       ; OK     ; Wed Nov 16 11:29:51 2022 ;
; fifo_decimation_2/synthesis/submodules/altera_reset_controller.sdc             ; OK     ; Wed Nov 16 11:29:51 2022 ;
; fifo_decimation_2/synthesis/submodules/fifo_decimation_2_fifo_decimation_2.sdc ; OK     ; Wed Nov 16 11:29:51 2022 ;
; fifo_decimation/synthesis/submodules/altera_reset_controller.sdc               ; OK     ; Wed Nov 16 11:29:51 2022 ;
; fifo_decimation/synthesis/submodules/fifo_decimation_fifo_decimation.sdc       ; OK     ; Wed Nov 16 11:29:51 2022 ;
; NCO_IQ/synthesis/submodules/altera_reset_controller.sdc                        ; OK     ; Wed Nov 16 11:29:51 2022 ;
; NCO_Data/synthesis/submodules/altera_reset_controller.sdc                      ; OK     ; Wed Nov 16 11:29:51 2022 ;
; NCO_FM/synthesis/submodules/altera_reset_controller.sdc                        ; OK     ; Wed Nov 16 11:29:51 2022 ;
+--------------------------------------------------------------------------------+--------+--------------------------+


+----------------------------------------------------------------------------------------------------------------------------------------------------------------------------------------------------------+
; Clocks                                                                                                                                                                                                   ;
+---------------------+------+--------+-----------+-------+--------+------------+-----------+-------------+-------+--------+-----------+------------+----------+--------+--------+-------------------------+
; Clock Name          ; Type ; Period ; Frequency ; Rise  ; Fall   ; Duty Cycle ; Divide by ; Multiply by ; Phase ; Offset ; Edge List ; Edge Shift ; Inverted ; Master ; Source ; Targets                 ;
+---------------------+------+--------+-----------+-------+--------+------------+-----------+-------------+-------+--------+-----------+------------+----------+--------+--------+-------------------------+
; altera_reserved_tck ; Base ; 33.333 ; 30.0 MHz  ; 0.000 ; 16.666 ;            ;           ;             ;       ;        ;           ;            ;          ;        ;        ; { altera_reserved_tck } ;
+---------------------+------+--------+-----------+-------+--------+------------+-----------+-------------+-------+--------+-----------+------------+----------+--------+--------+-------------------------+


+----------------------------------------------------------+
; Slow 1100mV 85C Model Fmax Summary                       ;
+-----------+-----------------+---------------------+------+
; Fmax      ; Restricted Fmax ; Clock Name          ; Note ;
+-----------+-----------------+---------------------+------+
; 64.91 MHz ; 64.91 MHz       ; altera_reserved_tck ;      ;
+-----------+-----------------+---------------------+------+
This panel reports FMAX for every clock in the design, regardless of the user-specified clock periods.  FMAX is only computed for paths where the source and destination registers or ports are driven by the same clock.  Paths of different clocks, including generated clocks, are ignored.  For paths between a clock and its inversion, FMAX is computed as if the rising and falling edges are scaled along with FMAX, such that the duty cycle (in terms of a percentage) is maintained. Altera recommends that you always use clock constraints and other slack reports for sign-off analysis.


----------------------------------
; Timing Closure Recommendations ;
----------------------------------
HTML report is unavailable in plain text report export.


+---------------------------------------------+
; Slow 1100mV 85C Model Setup Summary         ;
+---------------------+-------+---------------+
; Clock               ; Slack ; End Point TNS ;
+---------------------+-------+---------------+
; altera_reserved_tck ; 8.963 ; 0.000         ;
+---------------------+-------+---------------+


+---------------------------------------------+
; Slow 1100mV 85C Model Hold Summary          ;
+---------------------+-------+---------------+
; Clock               ; Slack ; End Point TNS ;
+---------------------+-------+---------------+
; altera_reserved_tck ; 0.193 ; 0.000         ;
+---------------------+-------+---------------+


+----------------------------------------------+
; Slow 1100mV 85C Model Recovery Summary       ;
+---------------------+--------+---------------+
; Clock               ; Slack  ; End Point TNS ;
+---------------------+--------+---------------+
; altera_reserved_tck ; 29.559 ; 0.000         ;
+---------------------+--------+---------------+


+---------------------------------------------+
; Slow 1100mV 85C Model Removal Summary       ;
+---------------------+-------+---------------+
; Clock               ; Slack ; End Point TNS ;
+---------------------+-------+---------------+
; altera_reserved_tck ; 0.711 ; 0.000         ;
+---------------------+-------+---------------+


+---------------------------------------------------+
; Slow 1100mV 85C Model Minimum Pulse Width Summary ;
+---------------------+--------+--------------------+
; Clock               ; Slack  ; End Point TNS      ;
+---------------------+--------+--------------------+
; altera_reserved_tck ; 15.309 ; 0.000              ;
+---------------------+--------+--------------------+


-----------------------------------------------
; Slow 1100mV 85C Model Metastability Summary ;
-----------------------------------------------
No synchronizer chains to report.


+----------------------------------------------------------+
; Slow 1100mV 0C Model Fmax Summary                        ;
+-----------+-----------------+---------------------+------+
; Fmax      ; Restricted Fmax ; Clock Name          ; Note ;
+-----------+-----------------+---------------------+------+
; 67.24 MHz ; 67.24 MHz       ; altera_reserved_tck ;      ;
+-----------+-----------------+---------------------+------+
This panel reports FMAX for every clock in the design, regardless of the user-specified clock periods.  FMAX is only computed for paths where the source and destination registers or ports are driven by the same clock.  Paths of different clocks, including generated clocks, are ignored.  For paths between a clock and its inversion, FMAX is computed as if the rising and falling edges are scaled along with FMAX, such that the duty cycle (in terms of a percentage) is maintained. Altera recommends that you always use clock constraints and other slack reports for sign-off analysis.


+---------------------------------------------+
; Slow 1100mV 0C Model Setup Summary          ;
+---------------------+-------+---------------+
; Clock               ; Slack ; End Point TNS ;
+---------------------+-------+---------------+
; altera_reserved_tck ; 9.230 ; 0.000         ;
+---------------------+-------+---------------+


+---------------------------------------------+
; Slow 1100mV 0C Model Hold Summary           ;
+---------------------+-------+---------------+
; Clock               ; Slack ; End Point TNS ;
+---------------------+-------+---------------+
; altera_reserved_tck ; 0.178 ; 0.000         ;
+---------------------+-------+---------------+


+----------------------------------------------+
; Slow 1100mV 0C Model Recovery Summary        ;
+---------------------+--------+---------------+
; Clock               ; Slack  ; End Point TNS ;
+---------------------+--------+---------------+
; altera_reserved_tck ; 29.684 ; 0.000         ;
+---------------------+--------+---------------+


+---------------------------------------------+
; Slow 1100mV 0C Model Removal Summary        ;
+---------------------+-------+---------------+
; Clock               ; Slack ; End Point TNS ;
+---------------------+-------+---------------+
; altera_reserved_tck ; 0.684 ; 0.000         ;
+---------------------+-------+---------------+


+--------------------------------------------------+
; Slow 1100mV 0C Model Minimum Pulse Width Summary ;
+---------------------+--------+-------------------+
; Clock               ; Slack  ; End Point TNS     ;
+---------------------+--------+-------------------+
; altera_reserved_tck ; 15.318 ; 0.000             ;
+---------------------+--------+-------------------+


----------------------------------------------
; Slow 1100mV 0C Model Metastability Summary ;
----------------------------------------------
No synchronizer chains to report.


+----------------------------------------------+
; Fast 1100mV 85C Model Setup Summary          ;
+---------------------+--------+---------------+
; Clock               ; Slack  ; End Point TNS ;
+---------------------+--------+---------------+
; altera_reserved_tck ; 12.622 ; 0.000         ;
+---------------------+--------+---------------+


+---------------------------------------------+
; Fast 1100mV 85C Model Hold Summary          ;
+---------------------+-------+---------------+
; Clock               ; Slack ; End Point TNS ;
+---------------------+-------+---------------+
; altera_reserved_tck ; 0.042 ; 0.000         ;
+---------------------+-------+---------------+


+----------------------------------------------+
; Fast 1100mV 85C Model Recovery Summary       ;
+---------------------+--------+---------------+
; Clock               ; Slack  ; End Point TNS ;
+---------------------+--------+---------------+
; altera_reserved_tck ; 30.882 ; 0.000         ;
+---------------------+--------+---------------+


+---------------------------------------------+
; Fast 1100mV 85C Model Removal Summary       ;
+---------------------+-------+---------------+
; Clock               ; Slack ; End Point TNS ;
+---------------------+-------+---------------+
; altera_reserved_tck ; 0.241 ; 0.000         ;
+---------------------+-------+---------------+


+---------------------------------------------------+
; Fast 1100mV 85C Model Minimum Pulse Width Summary ;
+---------------------+--------+--------------------+
; Clock               ; Slack  ; End Point TNS      ;
+---------------------+--------+--------------------+
; altera_reserved_tck ; 15.126 ; 0.000              ;
+---------------------+--------+--------------------+


-----------------------------------------------
; Fast 1100mV 85C Model Metastability Summary ;
-----------------------------------------------
No synchronizer chains to report.


+----------------------------------------------+
; Fast 1100mV 0C Model Setup Summary           ;
+---------------------+--------+---------------+
; Clock               ; Slack  ; End Point TNS ;
+---------------------+--------+---------------+
; altera_reserved_tck ; 13.098 ; 0.000         ;
+---------------------+--------+---------------+


+---------------------------------------------+
; Fast 1100mV 0C Model Hold Summary           ;
+---------------------+-------+---------------+
; Clock               ; Slack ; End Point TNS ;
+---------------------+-------+---------------+
; altera_reserved_tck ; 0.029 ; 0.000         ;
+---------------------+-------+---------------+


+----------------------------------------------+
; Fast 1100mV 0C Model Recovery Summary        ;
+---------------------+--------+---------------+
; Clock               ; Slack  ; End Point TNS ;
+---------------------+--------+---------------+
; altera_reserved_tck ; 31.140 ; 0.000         ;
+---------------------+--------+---------------+


+---------------------------------------------+
; Fast 1100mV 0C Model Removal Summary        ;
+---------------------+-------+---------------+
; Clock               ; Slack ; End Point TNS ;
+---------------------+-------+---------------+
; altera_reserved_tck ; 0.223 ; 0.000         ;
+---------------------+-------+---------------+


+--------------------------------------------------+
; Fast 1100mV 0C Model Minimum Pulse Width Summary ;
+---------------------+--------+-------------------+
; Clock               ; Slack  ; End Point TNS     ;
+---------------------+--------+-------------------+
; altera_reserved_tck ; 15.152 ; 0.000             ;
+---------------------+--------+-------------------+


----------------------------------------------
; Fast 1100mV 0C Model Metastability Summary ;
----------------------------------------------
No synchronizer chains to report.


+---------------------------------------------------------------------------------+
; Multicorner Timing Analysis Summary                                             ;
+----------------------+-------+-------+----------+---------+---------------------+
; Clock                ; Setup ; Hold  ; Recovery ; Removal ; Minimum Pulse Width ;
+----------------------+-------+-------+----------+---------+---------------------+
; Worst-case Slack     ; 8.963 ; 0.029 ; 29.559   ; 0.223   ; 15.126              ;
;  altera_reserved_tck ; 8.963 ; 0.029 ; 29.559   ; 0.223   ; 15.126              ;
; Design-wide TNS      ; 0.0   ; 0.0   ; 0.0      ; 0.0     ; 0.0                 ;
;  altera_reserved_tck ; 0.000 ; 0.000 ; 0.000    ; 0.000   ; 0.000               ;
+----------------------+-------+-------+----------+---------+---------------------+


+------------------------------------------------------------------------------------------------------------------------------------------------------------------------------------------------------------------------------------------------------------------------------------------------------------------------------------------------------------------------------------------------------------------------+
; Board Trace Model Assignments                                                                                                                                                                                                                                                                                                                                                                                          ;
+---------------------+--------------+-------------------+-------------------------+-------------------------+---------------+---------------------+----------------+------------------+--------+------------------+------------------------+------------------------+--------------+---------------+-----------------+-------+---------------------+--------------------+---------------+-----------------+-------------+
; Pin                 ; I/O Standard ; Near Tline Length ; Near Tline L per Length ; Near Tline C per Length ; Near Series R ; Near Differential R ; Near Pull-up R ; Near Pull-down R ; Near C ; Far Tline Length ; Far Tline L per Length ; Far Tline C per Length ; Far Series R ; Far Pull-up R ; Far Pull-down R ; Far C ; Termination Voltage ; Far Differential R ; EBD File Name ; EBD Signal Name ; EBD Far-end ;
+---------------------+--------------+-------------------+-------------------------+-------------------------+---------------+---------------------+----------------+------------------+--------+------------------+------------------------+------------------------+--------------+---------------+-----------------+-------+---------------------+--------------------+---------------+-----------------+-------------+
; altera_reserved_tdo ; 2.5 V        ; 0 in              ; 0 H/in                  ; 0 F/in                  ; short         ; -                   ; open           ; open             ; open   ; 0 in             ; 0 H/in                 ; 0 F/in                 ; short        ; open          ; open            ; open  ; 0 V                 ; -                  ; n/a           ; n/a             ; n/a         ;
+---------------------+--------------+-------------------+-------------------------+-------------------------+---------------+---------------------+----------------+------------------+--------+------------------+------------------------+------------------------+--------------+---------------+-----------------+-------+---------------------+--------------------+---------------+-----------------+-------------+


+------------------------------------------------------------------------+
; Input Transition Times                                                 ;
+---------------------+--------------+-----------------+-----------------+
; Pin                 ; I/O Standard ; 10-90 Rise Time ; 90-10 Fall Time ;
+---------------------+--------------+-----------------+-----------------+
; rst                 ; 2.5 V        ; 2000 ps         ; 2000 ps         ;
; clk                 ; 2.5 V        ; 2000 ps         ; 2000 ps         ;
; sw                  ; 2.5 V        ; 2000 ps         ; 2000 ps         ;
; altera_reserved_tms ; 2.5 V        ; 2000 ps         ; 2000 ps         ;
; altera_reserved_tck ; 2.5 V        ; 2000 ps         ; 2000 ps         ;
; altera_reserved_tdi ; 2.5 V        ; 2000 ps         ; 2000 ps         ;
+---------------------+--------------+-----------------+-----------------+


+--------------------------------------------------------------------------------------------------------------------------------------------------------------------------------------------------------------------------------------------------------------------------------------------------------------------------------------------------------------------------------------------------------------------------------------------------------------------------------------------------------------------------------------------------------------------------------------------------------------------------------------------------------------------------------------------------+
; Signal Integrity Metrics (Slow 1100mv 0c Model)                                                                                                                                                                                                                                                                                                                                                                                                                                                                                                                                                                                                                                                  ;
+---------------------+--------------+---------------------+---------------------+------------------------------+------------------------------+---------------------+---------------------+--------------------------------------+--------------------------------------+-----------------------------+-----------------------------+----------------------------+----------------------------+-----------------------------+-----------------------------+--------------------+--------------------+-------------------------------------+-------------------------------------+----------------------------+----------------------------+---------------------------+---------------------------+
; Pin                 ; I/O Standard ; Board Delay on Rise ; Board Delay on Fall ; Steady State Voh at FPGA Pin ; Steady State Vol at FPGA Pin ; Voh Max at FPGA Pin ; Vol Min at FPGA Pin ; Ringback Voltage on Rise at FPGA Pin ; Ringback Voltage on Fall at FPGA Pin ; 10-90 Rise Time at FPGA Pin ; 90-10 Fall Time at FPGA Pin ; Monotonic Rise at FPGA Pin ; Monotonic Fall at FPGA Pin ; Steady State Voh at Far-end ; Steady State Vol at Far-end ; Voh Max at Far-end ; Vol Min at Far-end ; Ringback Voltage on Rise at Far-end ; Ringback Voltage on Fall at Far-end ; 10-90 Rise Time at Far-end ; 90-10 Fall Time at Far-end ; Monotonic Rise at Far-end ; Monotonic Fall at Far-end ;
+---------------------+--------------+---------------------+---------------------+------------------------------+------------------------------+---------------------+---------------------+--------------------------------------+--------------------------------------+-----------------------------+-----------------------------+----------------------------+----------------------------+-----------------------------+-----------------------------+--------------------+--------------------+-------------------------------------+-------------------------------------+----------------------------+----------------------------+---------------------------+---------------------------+
; altera_reserved_tdo ; 2.5 V        ; 0 s                 ; 0 s                 ; 2.32 V                       ; 1.95e-07 V                   ; 2.4 V               ; -0.0546 V           ; 0.16 V                               ; 0.114 V                              ; 4.56e-10 s                  ; 4.36e-10 s                  ; No                         ; No                         ; 2.32 V                      ; 1.95e-07 V                  ; 2.4 V              ; -0.0546 V          ; 0.16 V                              ; 0.114 V                             ; 4.56e-10 s                 ; 4.36e-10 s                 ; No                        ; No                        ;
+---------------------+--------------+---------------------+---------------------+------------------------------+------------------------------+---------------------+---------------------+--------------------------------------+--------------------------------------+-----------------------------+-----------------------------+----------------------------+----------------------------+-----------------------------+-----------------------------+--------------------+--------------------+-------------------------------------+-------------------------------------+----------------------------+----------------------------+---------------------------+---------------------------+


+--------------------------------------------------------------------------------------------------------------------------------------------------------------------------------------------------------------------------------------------------------------------------------------------------------------------------------------------------------------------------------------------------------------------------------------------------------------------------------------------------------------------------------------------------------------------------------------------------------------------------------------------------------------------------------------------------+
; Signal Integrity Metrics (Slow 1100mv 85c Model)                                                                                                                                                                                                                                                                                                                                                                                                                                                                                                                                                                                                                                                 ;
+---------------------+--------------+---------------------+---------------------+------------------------------+------------------------------+---------------------+---------------------+--------------------------------------+--------------------------------------+-----------------------------+-----------------------------+----------------------------+----------------------------+-----------------------------+-----------------------------+--------------------+--------------------+-------------------------------------+-------------------------------------+----------------------------+----------------------------+---------------------------+---------------------------+
; Pin                 ; I/O Standard ; Board Delay on Rise ; Board Delay on Fall ; Steady State Voh at FPGA Pin ; Steady State Vol at FPGA Pin ; Voh Max at FPGA Pin ; Vol Min at FPGA Pin ; Ringback Voltage on Rise at FPGA Pin ; Ringback Voltage on Fall at FPGA Pin ; 10-90 Rise Time at FPGA Pin ; 90-10 Fall Time at FPGA Pin ; Monotonic Rise at FPGA Pin ; Monotonic Fall at FPGA Pin ; Steady State Voh at Far-end ; Steady State Vol at Far-end ; Voh Max at Far-end ; Vol Min at Far-end ; Ringback Voltage on Rise at Far-end ; Ringback Voltage on Fall at Far-end ; 10-90 Rise Time at Far-end ; 90-10 Fall Time at Far-end ; Monotonic Rise at Far-end ; Monotonic Fall at Far-end ;
+---------------------+--------------+---------------------+---------------------+------------------------------+------------------------------+---------------------+---------------------+--------------------------------------+--------------------------------------+-----------------------------+-----------------------------+----------------------------+----------------------------+-----------------------------+-----------------------------+--------------------+--------------------+-------------------------------------+-------------------------------------+----------------------------+----------------------------+---------------------------+---------------------------+
; altera_reserved_tdo ; 2.5 V        ; 0 s                 ; 0 s                 ; 2.32 V                       ; 2.26e-05 V                   ; 2.37 V              ; -0.036 V            ; 0.182 V                              ; 0.159 V                              ; 4.8e-10 s                   ; 4.68e-10 s                  ; Yes                        ; Yes                        ; 2.32 V                      ; 2.26e-05 V                  ; 2.37 V             ; -0.036 V           ; 0.182 V                             ; 0.159 V                             ; 4.8e-10 s                  ; 4.68e-10 s                 ; Yes                       ; Yes                       ;
+---------------------+--------------+---------------------+---------------------+------------------------------+------------------------------+---------------------+---------------------+--------------------------------------+--------------------------------------+-----------------------------+-----------------------------+----------------------------+----------------------------+-----------------------------+-----------------------------+--------------------+--------------------+-------------------------------------+-------------------------------------+----------------------------+----------------------------+---------------------------+---------------------------+


+--------------------------------------------------------------------------------------------------------------------------------------------------------------------------------------------------------------------------------------------------------------------------------------------------------------------------------------------------------------------------------------------------------------------------------------------------------------------------------------------------------------------------------------------------------------------------------------------------------------------------------------------------------------------------------------------------+
; Signal Integrity Metrics (Fast 1100mv 0c Model)                                                                                                                                                                                                                                                                                                                                                                                                                                                                                                                                                                                                                                                  ;
+---------------------+--------------+---------------------+---------------------+------------------------------+------------------------------+---------------------+---------------------+--------------------------------------+--------------------------------------+-----------------------------+-----------------------------+----------------------------+----------------------------+-----------------------------+-----------------------------+--------------------+--------------------+-------------------------------------+-------------------------------------+----------------------------+----------------------------+---------------------------+---------------------------+
; Pin                 ; I/O Standard ; Board Delay on Rise ; Board Delay on Fall ; Steady State Voh at FPGA Pin ; Steady State Vol at FPGA Pin ; Voh Max at FPGA Pin ; Vol Min at FPGA Pin ; Ringback Voltage on Rise at FPGA Pin ; Ringback Voltage on Fall at FPGA Pin ; 10-90 Rise Time at FPGA Pin ; 90-10 Fall Time at FPGA Pin ; Monotonic Rise at FPGA Pin ; Monotonic Fall at FPGA Pin ; Steady State Voh at Far-end ; Steady State Vol at Far-end ; Voh Max at Far-end ; Vol Min at Far-end ; Ringback Voltage on Rise at Far-end ; Ringback Voltage on Fall at Far-end ; 10-90 Rise Time at Far-end ; 90-10 Fall Time at Far-end ; Monotonic Rise at Far-end ; Monotonic Fall at Far-end ;
+---------------------+--------------+---------------------+---------------------+------------------------------+------------------------------+---------------------+---------------------+--------------------------------------+--------------------------------------+-----------------------------+-----------------------------+----------------------------+----------------------------+-----------------------------+-----------------------------+--------------------+--------------------+-------------------------------------+-------------------------------------+----------------------------+----------------------------+---------------------------+---------------------------+
; altera_reserved_tdo ; 2.5 V        ; 0 s                 ; 0 s                 ; 2.75 V                       ; 3.79e-06 V                   ; 2.9 V               ; -0.122 V            ; 0.313 V                              ; 0.277 V                              ; 2.78e-10 s                  ; 2.7e-10 s                   ; No                         ; No                         ; 2.75 V                      ; 3.79e-06 V                  ; 2.9 V              ; -0.122 V           ; 0.313 V                             ; 0.277 V                             ; 2.78e-10 s                 ; 2.7e-10 s                  ; No                        ; No                        ;
+---------------------+--------------+---------------------+---------------------+------------------------------+------------------------------+---------------------+---------------------+--------------------------------------+--------------------------------------+-----------------------------+-----------------------------+----------------------------+----------------------------+-----------------------------+-----------------------------+--------------------+--------------------+-------------------------------------+-------------------------------------+----------------------------+----------------------------+---------------------------+---------------------------+


+--------------------------------------------------------------------------------------------------------------------------------------------------------------------------------------------------------------------------------------------------------------------------------------------------------------------------------------------------------------------------------------------------------------------------------------------------------------------------------------------------------------------------------------------------------------------------------------------------------------------------------------------------------------------------------------------------+
; Signal Integrity Metrics (Fast 1100mv 85c Model)                                                                                                                                                                                                                                                                                                                                                                                                                                                                                                                                                                                                                                                 ;
+---------------------+--------------+---------------------+---------------------+------------------------------+------------------------------+---------------------+---------------------+--------------------------------------+--------------------------------------+-----------------------------+-----------------------------+----------------------------+----------------------------+-----------------------------+-----------------------------+--------------------+--------------------+-------------------------------------+-------------------------------------+----------------------------+----------------------------+---------------------------+---------------------------+
; Pin                 ; I/O Standard ; Board Delay on Rise ; Board Delay on Fall ; Steady State Voh at FPGA Pin ; Steady State Vol at FPGA Pin ; Voh Max at FPGA Pin ; Vol Min at FPGA Pin ; Ringback Voltage on Rise at FPGA Pin ; Ringback Voltage on Fall at FPGA Pin ; 10-90 Rise Time at FPGA Pin ; 90-10 Fall Time at FPGA Pin ; Monotonic Rise at FPGA Pin ; Monotonic Fall at FPGA Pin ; Steady State Voh at Far-end ; Steady State Vol at Far-end ; Voh Max at Far-end ; Vol Min at Far-end ; Ringback Voltage on Rise at Far-end ; Ringback Voltage on Fall at Far-end ; 10-90 Rise Time at Far-end ; 90-10 Fall Time at Far-end ; Monotonic Rise at Far-end ; Monotonic Fall at Far-end ;
+---------------------+--------------+---------------------+---------------------+------------------------------+------------------------------+---------------------+---------------------+--------------------------------------+--------------------------------------+-----------------------------+-----------------------------+----------------------------+----------------------------+-----------------------------+-----------------------------+--------------------+--------------------+-------------------------------------+-------------------------------------+----------------------------+----------------------------+---------------------------+---------------------------+
; altera_reserved_tdo ; 2.5 V        ; 0 s                 ; 0 s                 ; 2.75 V                       ; 0.000219 V                   ; 2.85 V              ; -0.0938 V           ; 0.339 V                              ; 0.156 V                              ; 3.08e-10 s                  ; 4.29e-10 s                  ; No                         ; No                         ; 2.75 V                      ; 0.000219 V                  ; 2.85 V             ; -0.0938 V          ; 0.339 V                             ; 0.156 V                             ; 3.08e-10 s                 ; 4.29e-10 s                 ; No                        ; No                        ;
+---------------------+--------------+---------------------+---------------------+------------------------------+------------------------------+---------------------+---------------------+--------------------------------------+--------------------------------------+-----------------------------+-----------------------------+----------------------------+----------------------------+-----------------------------+-----------------------------+--------------------+--------------------+-------------------------------------+-------------------------------------+----------------------------+----------------------------+---------------------------+---------------------------+


+---------------------------------------------------------------------------------------+
; Setup Transfers                                                                       ;
+---------------------+---------------------+----------+----------+----------+----------+
; From Clock          ; To Clock            ; RR Paths ; FR Paths ; RF Paths ; FF Paths ;
+---------------------+---------------------+----------+----------+----------+----------+
; altera_reserved_tck ; altera_reserved_tck ; 8973     ; 0        ; 56       ; 0        ;
+---------------------+---------------------+----------+----------+----------+----------+
Entries labeled "false path" only account for clock-to-clock false paths and not path-based false paths. As a result, actual path counts may be lower than reported.


+---------------------------------------------------------------------------------------+
; Hold Transfers                                                                        ;
+---------------------+---------------------+----------+----------+----------+----------+
; From Clock          ; To Clock            ; RR Paths ; FR Paths ; RF Paths ; FF Paths ;
+---------------------+---------------------+----------+----------+----------+----------+
; altera_reserved_tck ; altera_reserved_tck ; 8973     ; 0        ; 56       ; 0        ;
+---------------------+---------------------+----------+----------+----------+----------+
Entries labeled "false path" only account for clock-to-clock false paths and not path-based false paths. As a result, actual path counts may be lower than reported.


+---------------------------------------------------------------------------------------+
; Recovery Transfers                                                                    ;
+---------------------+---------------------+----------+----------+----------+----------+
; From Clock          ; To Clock            ; RR Paths ; FR Paths ; RF Paths ; FF Paths ;
+---------------------+---------------------+----------+----------+----------+----------+
; altera_reserved_tck ; altera_reserved_tck ; 676      ; 0        ; 0        ; 0        ;
+---------------------+---------------------+----------+----------+----------+----------+
Entries labeled "false path" only account for clock-to-clock false paths and not path-based false paths. As a result, actual path counts may be lower than reported.


+---------------------------------------------------------------------------------------+
; Removal Transfers                                                                     ;
+---------------------+---------------------+----------+----------+----------+----------+
; From Clock          ; To Clock            ; RR Paths ; FR Paths ; RF Paths ; FF Paths ;
+---------------------+---------------------+----------+----------+----------+----------+
; altera_reserved_tck ; altera_reserved_tck ; 676      ; 0        ; 0        ; 0        ;
+---------------------+---------------------+----------+----------+----------+----------+
Entries labeled "false path" only account for clock-to-clock false paths and not path-based false paths. As a result, actual path counts may be lower than reported.


---------------
; Report TCCS ;
---------------
No dedicated SERDES Transmitter circuitry present in device or used in design


---------------
; Report RSKM ;
---------------
No non-DPA dedicated SERDES Receiver circuitry present in device or used in design


+------------------------------------------------+
; Unconstrained Paths Summary                    ;
+---------------------------------+-------+------+
; Property                        ; Setup ; Hold ;
+---------------------------------+-------+------+
; Illegal Clocks                  ; 0     ; 0    ;
; Unconstrained Clocks            ; 6     ; 6    ;
; Unconstrained Input Ports       ; 4     ; 4    ;
; Unconstrained Input Port Paths  ; 3657  ; 3657 ;
; Unconstrained Output Ports      ; 1     ; 1    ;
; Unconstrained Output Port Paths ; 5     ; 5    ;
+---------------------------------+-------+------+


+--------------------------------------------------------------------------+
; Clock Status Summary                                                     ;
+-----------------------------+---------------------+------+---------------+
; Target                      ; Clock               ; Type ; Status        ;
+-----------------------------+---------------------+------+---------------+
; Clock_Divider:inst14|tmp    ;                     ; Base ; Unconstrained ;
; Clock_Divider_10:inst10|tmp ;                     ; Base ; Unconstrained ;
; FFT_clk:inst21|tmp          ;                     ; Base ; Unconstrained ;
; LPF_FIR_2_CLK:inst27|tmp    ;                     ; Base ; Unconstrained ;
; altera_reserved_tck         ; altera_reserved_tck ; Base ; Constrained   ;
; cic_clk:inst24|tmp          ;                     ; Base ; Unconstrained ;
; clk                         ;                     ; Base ; Unconstrained ;
+-----------------------------+---------------------+------+---------------+


+------------------------------------------------------------------------------------------------------------+
; Unconstrained Input Ports                                                                                  ;
+---------------------+--------------------------------------------------------------------------------------+
; Input Port          ; Comment                                                                              ;
+---------------------+--------------------------------------------------------------------------------------+
; altera_reserved_tdi ; No input delay, min/max delays, false-path exceptions, or max skew assignments found ;
; altera_reserved_tms ; No input delay, min/max delays, false-path exceptions, or max skew assignments found ;
; rst                 ; Partially constrained                                                                ;
; sw                  ; No input delay, min/max delays, false-path exceptions, or max skew assignments found ;
+---------------------+--------------------------------------------------------------------------------------+


+-------------------------------------------------------------------------------------------------------------+
; Unconstrained Output Ports                                                                                  ;
+---------------------+---------------------------------------------------------------------------------------+
; Output Port         ; Comment                                                                               ;
+---------------------+---------------------------------------------------------------------------------------+
; altera_reserved_tdo ; No output delay, min/max delays, false-path exceptions, or max skew assignments found ;
+---------------------+---------------------------------------------------------------------------------------+


+------------------------------------------------------------------------------------------------------------+
; Unconstrained Input Ports                                                                                  ;
+---------------------+--------------------------------------------------------------------------------------+
; Input Port          ; Comment                                                                              ;
+---------------------+--------------------------------------------------------------------------------------+
; altera_reserved_tdi ; No input delay, min/max delays, false-path exceptions, or max skew assignments found ;
; altera_reserved_tms ; No input delay, min/max delays, false-path exceptions, or max skew assignments found ;
; rst                 ; Partially constrained                                                                ;
; sw                  ; No input delay, min/max delays, false-path exceptions, or max skew assignments found ;
+---------------------+--------------------------------------------------------------------------------------+


+-------------------------------------------------------------------------------------------------------------+
; Unconstrained Output Ports                                                                                  ;
+---------------------+---------------------------------------------------------------------------------------+
; Output Port         ; Comment                                                                               ;
+---------------------+---------------------------------------------------------------------------------------+
; altera_reserved_tdo ; No output delay, min/max delays, false-path exceptions, or max skew assignments found ;
+---------------------+---------------------------------------------------------------------------------------+


+------------------------------------+
; TimeQuest Timing Analyzer Messages ;
+------------------------------------+
Info: *******************************************************************
Info: Running Quartus Prime TimeQuest Timing Analyzer
    Info: Version 17.0.0 Build 595 04/25/2017 SJ Standard Edition
    Info: Processing started: Wed Nov 16 11:29:42 2022
Info: Command: quartus_sta FM -c FM
Info: qsta_default_script.tcl version: #1
Warning (20013): Ignored 19 assignments for entity "FFT" -- entity does not exist in design
Warning (20013): Ignored 33 assignments for entity "FFT_FFT_Comp" -- entity does not exist in design
Warning (20013): Ignored 19 assignments for entity "NCO_TEST" -- entity does not exist in design
Warning (20013): Ignored 32 assignments for entity "NCO_TEST_nco_iq" -- entity does not exist in design
Warning (18236): Number of processors has not been specified which may cause overloading on shared machines.  Set the global assignment NUM_PARALLEL_PROCESSORS in your QSF to an appropriate value for best performance.
Info (20030): Parallel compilation is enabled and will use 4 of the 4 processors detected
Info (21077): Low junction temperature is 0 degrees C
Info (21077): High junction temperature is 85 degrees C
Info (332164): Evaluating HDL-embedded SDC commands
    Info (332165): Entity dcfifo_n7u1
        Info (332166): set_false_path -from *rdptr_g* -to *ws_dgrp|dffpipe_fd9:dffpipe14|dffe15a* 
        Info (332166): set_false_path -from *delayed_wrptr_g* -to *rs_dgwp|dffpipe_ed9:dffpipe10|dffe11a* 
    Info (332165): Entity dcfifo_o7u1
        Info (332166): set_false_path -from *rdptr_g* -to *ws_dgrp|dffpipe_jd9:dffpipe14|dffe15a* 
        Info (332166): set_false_path -from *delayed_wrptr_g* -to *rs_dgwp|dffpipe_id9:dffpipe10|dffe11a* 
    Info (332165): Entity sld_hub
        Info (332166): create_clock -name altera_reserved_tck [get_ports {altera_reserved_tck}] -period 30MHz   
        Info (332166): if { [string equal quartus_fit $::TimeQuestInfo(nameofexecutable)] } { set_max_delay -to [get_ports { altera_reserved_tdo } ] 0 }
        Info (332166): set_clock_groups -asynchronous -group {altera_reserved_tck}
Info (332104): Reading SDC File: 'fifo_decimation_4/synthesis/submodules/altera_reset_controller.sdc'
Info (332104): Reading SDC File: 'fifo_decimation_4/synthesis/submodules/fifo_decimation_4_fifo_decimation_4.sdc'
Warning (332174): Ignored filter at fifo_decimation_4_fifo_decimation_4.sdc(49): inst43|fifo_decimation_4|the_dcfifo_with_controls|the_dcfifo|dual_clock_fifo|auto_generated|*rdptr_g* could not be matched with a keeper File: C:/Users/Elia Yfrach/Desktop/Project/Processing_Unit/fifo_decimation_4/synthesis/submodules/fifo_decimation_4_fifo_decimation_4.sdc Line: 49
Warning (332174): Ignored filter at fifo_decimation_4_fifo_decimation_4.sdc(50): inst43|fifo_decimation_4|the_dcfifo_with_controls|the_dcfifo|dual_clock_fifo|auto_generated|ws_dgrp|dffpipe*|dffe* could not be matched with a keeper File: C:/Users/Elia Yfrach/Desktop/Project/Processing_Unit/fifo_decimation_4/synthesis/submodules/fifo_decimation_4_fifo_decimation_4.sdc Line: 50
Warning (332049): Ignored set_max_skew at fifo_decimation_4_fifo_decimation_4.sdc(30): Argument -from with value [get_keepers {inst43|fifo_decimation_4|the_dcfifo_with_controls|the_dcfifo|dual_clock_fifo|auto_generated|*rdptr_g*}] contains zero elements File: C:/Users/Elia Yfrach/Desktop/Project/Processing_Unit/fifo_decimation_4/synthesis/submodules/fifo_decimation_4_fifo_decimation_4.sdc Line: 30
    Info (332050): set_max_skew -from $from_node_list -to $to_node_list -get_skew_value_from_clock_period src_clock_period -skew_value_multiplier 0.8 File: C:/Users/Elia Yfrach/Desktop/Project/Processing_Unit/fifo_decimation_4/synthesis/submodules/fifo_decimation_4_fifo_decimation_4.sdc Line: 30
Warning (332049): Ignored set_max_skew at fifo_decimation_4_fifo_decimation_4.sdc(30): Argument -to with value [get_keepers {inst43|fifo_decimation_4|the_dcfifo_with_controls|the_dcfifo|dual_clock_fifo|auto_generated|ws_dgrp|dffpipe*|dffe*}] contains zero elements File: C:/Users/Elia Yfrach/Desktop/Project/Processing_Unit/fifo_decimation_4/synthesis/submodules/fifo_decimation_4_fifo_decimation_4.sdc Line: 30
Warning (332049): Ignored set_net_delay at fifo_decimation_4_fifo_decimation_4.sdc(32): argument -from with value [get_keepers {inst43|fifo_decimation_4|the_dcfifo_with_controls|the_dcfifo|dual_clock_fifo|auto_generated|*rdptr_g*}] contains zero elements File: C:/Users/Elia Yfrach/Desktop/Project/Processing_Unit/fifo_decimation_4/synthesis/submodules/fifo_decimation_4_fifo_decimation_4.sdc Line: 32
    Info (332050): set_net_delay -from $from_node_list -to $to_node_list -max -get_value_from_clock_period dst_clock_period -value_multiplier 0.8 File: C:/Users/Elia Yfrach/Desktop/Project/Processing_Unit/fifo_decimation_4/synthesis/submodules/fifo_decimation_4_fifo_decimation_4.sdc Line: 32
Warning (332049): Ignored set_max_delay at fifo_decimation_4_fifo_decimation_4.sdc(34): Argument <from> is an empty collection File: C:/Users/Elia Yfrach/Desktop/Project/Processing_Unit/fifo_decimation_4/synthesis/submodules/fifo_decimation_4_fifo_decimation_4.sdc Line: 34
    Info (332050): set_max_delay -from $from_node_list -to $to_node_list 100 File: C:/Users/Elia Yfrach/Desktop/Project/Processing_Unit/fifo_decimation_4/synthesis/submodules/fifo_decimation_4_fifo_decimation_4.sdc Line: 34
Warning (332049): Ignored set_max_delay at fifo_decimation_4_fifo_decimation_4.sdc(34): Argument <to> is an empty collection File: C:/Users/Elia Yfrach/Desktop/Project/Processing_Unit/fifo_decimation_4/synthesis/submodules/fifo_decimation_4_fifo_decimation_4.sdc Line: 34
Warning (332049): Ignored set_min_delay at fifo_decimation_4_fifo_decimation_4.sdc(35): Argument <from> is an empty collection File: C:/Users/Elia Yfrach/Desktop/Project/Processing_Unit/fifo_decimation_4/synthesis/submodules/fifo_decimation_4_fifo_decimation_4.sdc Line: 35
    Info (332050): set_min_delay -from $from_node_list -to $to_node_list -100 File: C:/Users/Elia Yfrach/Desktop/Project/Processing_Unit/fifo_decimation_4/synthesis/submodules/fifo_decimation_4_fifo_decimation_4.sdc Line: 35
Warning (332049): Ignored set_min_delay at fifo_decimation_4_fifo_decimation_4.sdc(35): Argument <to> is an empty collection File: C:/Users/Elia Yfrach/Desktop/Project/Processing_Unit/fifo_decimation_4/synthesis/submodules/fifo_decimation_4_fifo_decimation_4.sdc Line: 35
Warning (332049): Ignored set_net_delay at fifo_decimation_4_fifo_decimation_4.sdc(42): argument -from with value [get_keepers {inst43|fifo_decimation_4|the_dcfifo_with_controls|the_dcfifo|dual_clock_fifo|auto_generated|ws_dgrp|dffpipe*|dffe*}] contains zero elements File: C:/Users/Elia Yfrach/Desktop/Project/Processing_Unit/fifo_decimation_4/synthesis/submodules/fifo_decimation_4_fifo_decimation_4.sdc Line: 42
    Info (332050): set_net_delay -from $from_node_list -to $to_node_list -max -get_value_from_clock_period dst_clock_period -value_multiplier 0.8 File: C:/Users/Elia Yfrach/Desktop/Project/Processing_Unit/fifo_decimation_4/synthesis/submodules/fifo_decimation_4_fifo_decimation_4.sdc Line: 42
Warning (332174): Ignored filter at fifo_decimation_4_fifo_decimation_4.sdc(62): inst43|fifo_decimation_4|the_dcfifo_with_controls|the_dcfifo|dual_clock_fifo|auto_generated|delayed_wrptr_g* could not be matched with a keeper File: C:/Users/Elia Yfrach/Desktop/Project/Processing_Unit/fifo_decimation_4/synthesis/submodules/fifo_decimation_4_fifo_decimation_4.sdc Line: 62
Warning (332174): Ignored filter at fifo_decimation_4_fifo_decimation_4.sdc(63): inst43|fifo_decimation_4|the_dcfifo_with_controls|the_dcfifo|dual_clock_fifo|auto_generated|rs_dgwp|dffpipe*|dffe* could not be matched with a keeper File: C:/Users/Elia Yfrach/Desktop/Project/Processing_Unit/fifo_decimation_4/synthesis/submodules/fifo_decimation_4_fifo_decimation_4.sdc Line: 63
Warning (332049): Ignored set_max_skew at fifo_decimation_4_fifo_decimation_4.sdc(30): Argument -from with value [get_keepers {inst43|fifo_decimation_4|the_dcfifo_with_controls|the_dcfifo|dual_clock_fifo|auto_generated|delayed_wrptr_g*}] contains zero elements File: C:/Users/Elia Yfrach/Desktop/Project/Processing_Unit/fifo_decimation_4/synthesis/submodules/fifo_decimation_4_fifo_decimation_4.sdc Line: 30
    Info (332050): set_max_skew -from $from_node_list -to $to_node_list -get_skew_value_from_clock_period src_clock_period -skew_value_multiplier 0.8 File: C:/Users/Elia Yfrach/Desktop/Project/Processing_Unit/fifo_decimation_4/synthesis/submodules/fifo_decimation_4_fifo_decimation_4.sdc Line: 30
Warning (332049): Ignored set_max_skew at fifo_decimation_4_fifo_decimation_4.sdc(30): Argument -to with value [get_keepers {inst43|fifo_decimation_4|the_dcfifo_with_controls|the_dcfifo|dual_clock_fifo|auto_generated|rs_dgwp|dffpipe*|dffe*}] contains zero elements File: C:/Users/Elia Yfrach/Desktop/Project/Processing_Unit/fifo_decimation_4/synthesis/submodules/fifo_decimation_4_fifo_decimation_4.sdc Line: 30
Warning (332049): Ignored set_net_delay at fifo_decimation_4_fifo_decimation_4.sdc(32): argument -from with value [get_keepers {inst43|fifo_decimation_4|the_dcfifo_with_controls|the_dcfifo|dual_clock_fifo|auto_generated|delayed_wrptr_g*}] contains zero elements File: C:/Users/Elia Yfrach/Desktop/Project/Processing_Unit/fifo_decimation_4/synthesis/submodules/fifo_decimation_4_fifo_decimation_4.sdc Line: 32
    Info (332050): set_net_delay -from $from_node_list -to $to_node_list -max -get_value_from_clock_period dst_clock_period -value_multiplier 0.8 File: C:/Users/Elia Yfrach/Desktop/Project/Processing_Unit/fifo_decimation_4/synthesis/submodules/fifo_decimation_4_fifo_decimation_4.sdc Line: 32
Warning (332049): Ignored set_max_delay at fifo_decimation_4_fifo_decimation_4.sdc(34): Argument <from> is an empty collection File: C:/Users/Elia Yfrach/Desktop/Project/Processing_Unit/fifo_decimation_4/synthesis/submodules/fifo_decimation_4_fifo_decimation_4.sdc Line: 34
    Info (332050): set_max_delay -from $from_node_list -to $to_node_list 100 File: C:/Users/Elia Yfrach/Desktop/Project/Processing_Unit/fifo_decimation_4/synthesis/submodules/fifo_decimation_4_fifo_decimation_4.sdc Line: 34
Warning (332049): Ignored set_max_delay at fifo_decimation_4_fifo_decimation_4.sdc(34): Argument <to> is an empty collection File: C:/Users/Elia Yfrach/Desktop/Project/Processing_Unit/fifo_decimation_4/synthesis/submodules/fifo_decimation_4_fifo_decimation_4.sdc Line: 34
Warning (332049): Ignored set_min_delay at fifo_decimation_4_fifo_decimation_4.sdc(35): Argument <from> is an empty collection File: C:/Users/Elia Yfrach/Desktop/Project/Processing_Unit/fifo_decimation_4/synthesis/submodules/fifo_decimation_4_fifo_decimation_4.sdc Line: 35
    Info (332050): set_min_delay -from $from_node_list -to $to_node_list -100 File: C:/Users/Elia Yfrach/Desktop/Project/Processing_Unit/fifo_decimation_4/synthesis/submodules/fifo_decimation_4_fifo_decimation_4.sdc Line: 35
Warning (332049): Ignored set_min_delay at fifo_decimation_4_fifo_decimation_4.sdc(35): Argument <to> is an empty collection File: C:/Users/Elia Yfrach/Desktop/Project/Processing_Unit/fifo_decimation_4/synthesis/submodules/fifo_decimation_4_fifo_decimation_4.sdc Line: 35
Warning (332049): Ignored set_net_delay at fifo_decimation_4_fifo_decimation_4.sdc(42): argument -from with value [get_keepers {inst43|fifo_decimation_4|the_dcfifo_with_controls|the_dcfifo|dual_clock_fifo|auto_generated|rs_dgwp|dffpipe*|dffe*}] contains zero elements File: C:/Users/Elia Yfrach/Desktop/Project/Processing_Unit/fifo_decimation_4/synthesis/submodules/fifo_decimation_4_fifo_decimation_4.sdc Line: 42
    Info (332050): set_net_delay -from $from_node_list -to $to_node_list -max -get_value_from_clock_period dst_clock_period -value_multiplier 0.8 File: C:/Users/Elia Yfrach/Desktop/Project/Processing_Unit/fifo_decimation_4/synthesis/submodules/fifo_decimation_4_fifo_decimation_4.sdc Line: 42
Info (332104): Reading SDC File: 'FM_FFT/synthesis/submodules/altera_reset_controller.sdc'
Info (332104): Reading SDC File: 'FFT/synthesis/submodules/altera_reset_controller.sdc'
Info (332104): Reading SDC File: 'fifo_decimation_3/synthesis/submodules/altera_reset_controller.sdc'
Info (332104): Reading SDC File: 'fifo_decimation_3/synthesis/submodules/fifo_decimation_3_fifo_decimation_3.sdc'
Info (332104): Reading SDC File: 'NCO_TEST/synthesis/submodules/altera_reset_controller.sdc'
Info (332104): Reading SDC File: 'NCO_150/synthesis/submodules/altera_reset_controller.sdc'
Info (332104): Reading SDC File: 'fifo_decimation_2/synthesis/submodules/altera_reset_controller.sdc'
Info (332104): Reading SDC File: 'fifo_decimation_2/synthesis/submodules/fifo_decimation_2_fifo_decimation_2.sdc'
Info (332104): Reading SDC File: 'fifo_decimation/synthesis/submodules/altera_reset_controller.sdc'
Info (332104): Reading SDC File: 'fifo_decimation/synthesis/submodules/fifo_decimation_fifo_decimation.sdc'
Info (332104): Reading SDC File: 'NCO_IQ/synthesis/submodules/altera_reset_controller.sdc'
Info (332104): Reading SDC File: 'NCO_Data/synthesis/submodules/altera_reset_controller.sdc'
Info (332104): Reading SDC File: 'NCO_FM/synthesis/submodules/altera_reset_controller.sdc'
Warning (332060): Node: FFT_clk:inst21|tmp was determined to be a clock but was found without an associated clock assignment.
    Info (13166): Register Integral:inst26|count[0] is being clocked by FFT_clk:inst21|tmp
Warning (332060): Node: clk was determined to be a clock but was found without an associated clock assignment.
    Info (13166): Register FFT_clk:inst21|tmp is being clocked by clk
Warning (332060): Node: LPF_FIR_2_CLK:inst27|tmp was determined to be a clock but was found without an associated clock assignment.
    Info (13166): Register LPF_FIR_2:inst41|output_register[35] is being clocked by LPF_FIR_2_CLK:inst27|tmp
Warning (332060): Node: cic_clk:inst24|tmp was determined to be a clock but was found without an associated clock assignment.
    Info (13166): Register TESTCIC2:inst33|output_register[36] is being clocked by cic_clk:inst24|tmp
Warning (332060): Node: Clock_Divider:inst14|tmp was determined to be a clock but was found without an associated clock assignment.
    Info (13166): Register fifo_decimation_3:inst23|fifo_decimation_3_fifo_decimation_3:fifo_decimation_3|fifo_decimation_3_fifo_decimation_3_dcfifo_with_controls:the_dcfifo_with_controls|fifo_decimation_3_fifo_decimation_3_dual_clock_fifo:the_dcfifo|dcfifo:dual_clock_fifo|dcfifo_o7u1:auto_generated|altsyncram_q5d1:fifo_ram|ram_block9a14~porta_datain_reg11 is being clocked by Clock_Divider:inst14|tmp
Warning (332060): Node: Clock_Divider_10:inst10|tmp was determined to be a clock but was found without an associated clock assignment.
    Info (13166): Register NCO_150:inst1|NCO_150_NCO_150:nco_150|asj_nco_mob_rw:ux122|data_out[6] is being clocked by Clock_Divider_10:inst10|tmp
Info (332143): No user constrained clock uncertainty found in the design. Calling "derive_clock_uncertainty"
Info (332123): Deriving Clock Uncertainty. Please refer to report_sdc in TimeQuest to see clock uncertainties.
Warning (332056): PLL cross checking found inconsistent PLL clock settings:
    Warning (332056): Node: inst15|pll_0|altera_pll_i|general[0].gpll~FRACTIONAL_PLL|vcoph[0] was found missing 1 generated clock that corresponds to a base clock with a period of: 20.000
Info: Found TIMEQUEST_REPORT_SCRIPT_INCLUDE_DEFAULT_ANALYSIS = ON
Info: Analyzing Slow 1100mV 85C Model
Info (332146): Worst-case setup slack is 8.963
    Info (332119):     Slack       End Point TNS Clock 
    Info (332119): ========= =================== =====================
    Info (332119):     8.963               0.000 altera_reserved_tck 
Info (332146): Worst-case hold slack is 0.193
    Info (332119):     Slack       End Point TNS Clock 
    Info (332119): ========= =================== =====================
    Info (332119):     0.193               0.000 altera_reserved_tck 
Info (332146): Worst-case recovery slack is 29.559
    Info (332119):     Slack       End Point TNS Clock 
    Info (332119): ========= =================== =====================
    Info (332119):    29.559               0.000 altera_reserved_tck 
Info (332146): Worst-case removal slack is 0.711
    Info (332119):     Slack       End Point TNS Clock 
    Info (332119): ========= =================== =====================
    Info (332119):     0.711               0.000 altera_reserved_tck 
Info (332146): Worst-case minimum pulse width slack is 15.309
    Info (332119):     Slack       End Point TNS Clock 
    Info (332119): ========= =================== =====================
    Info (332119):    15.309               0.000 altera_reserved_tck 
Info: Analyzing Slow 1100mV 0C Model
Info (334003): Started post-fitting delay annotation
Info (334004): Delay annotation completed successfully
Warning (332060): Node: FFT_clk:inst21|tmp was determined to be a clock but was found without an associated clock assignment.
    Info (13166): Register Integral:inst26|count[0] is being clocked by FFT_clk:inst21|tmp
Warning (332060): Node: clk was determined to be a clock but was found without an associated clock assignment.
    Info (13166): Register FFT_clk:inst21|tmp is being clocked by clk
Warning (332060): Node: LPF_FIR_2_CLK:inst27|tmp was determined to be a clock but was found without an associated clock assignment.
    Info (13166): Register LPF_FIR_2:inst41|output_register[35] is being clocked by LPF_FIR_2_CLK:inst27|tmp
Warning (332060): Node: cic_clk:inst24|tmp was determined to be a clock but was found without an associated clock assignment.
    Info (13166): Register TESTCIC2:inst33|output_register[36] is being clocked by cic_clk:inst24|tmp
Warning (332060): Node: Clock_Divider:inst14|tmp was determined to be a clock but was found without an associated clock assignment.
    Info (13166): Register fifo_decimation_3:inst23|fifo_decimation_3_fifo_decimation_3:fifo_decimation_3|fifo_decimation_3_fifo_decimation_3_dcfifo_with_controls:the_dcfifo_with_controls|fifo_decimation_3_fifo_decimation_3_dual_clock_fifo:the_dcfifo|dcfifo:dual_clock_fifo|dcfifo_o7u1:auto_generated|altsyncram_q5d1:fifo_ram|ram_block9a14~porta_datain_reg11 is being clocked by Clock_Divider:inst14|tmp
Warning (332060): Node: Clock_Divider_10:inst10|tmp was determined to be a clock but was found without an associated clock assignment.
    Info (13166): Register NCO_150:inst1|NCO_150_NCO_150:nco_150|asj_nco_mob_rw:ux122|data_out[6] is being clocked by Clock_Divider_10:inst10|tmp
Info (332123): Deriving Clock Uncertainty. Please refer to report_sdc in TimeQuest to see clock uncertainties.
Warning (332056): PLL cross checking found inconsistent PLL clock settings:
    Warning (332056): Node: inst15|pll_0|altera_pll_i|general[0].gpll~FRACTIONAL_PLL|vcoph[0] was found missing 1 generated clock that corresponds to a base clock with a period of: 20.000
Info (332146): Worst-case setup slack is 9.230
    Info (332119):     Slack       End Point TNS Clock 
    Info (332119): ========= =================== =====================
    Info (332119):     9.230               0.000 altera_reserved_tck 
Info (332146): Worst-case hold slack is 0.178
    Info (332119):     Slack       End Point TNS Clock 
    Info (332119): ========= =================== =====================
    Info (332119):     0.178               0.000 altera_reserved_tck 
Info (332146): Worst-case recovery slack is 29.684
    Info (332119):     Slack       End Point TNS Clock 
    Info (332119): ========= =================== =====================
    Info (332119):    29.684               0.000 altera_reserved_tck 
Info (332146): Worst-case removal slack is 0.684
    Info (332119):     Slack       End Point TNS Clock 
    Info (332119): ========= =================== =====================
    Info (332119):     0.684               0.000 altera_reserved_tck 
Info (332146): Worst-case minimum pulse width slack is 15.318
    Info (332119):     Slack       End Point TNS Clock 
    Info (332119): ========= =================== =====================
    Info (332119):    15.318               0.000 altera_reserved_tck 
Info: Analyzing Fast 1100mV 85C Model
Info (334003): Started post-fitting delay annotation
Info (334004): Delay annotation completed successfully
Warning (332060): Node: FFT_clk:inst21|tmp was determined to be a clock but was found without an associated clock assignment.
    Info (13166): Register Integral:inst26|count[0] is being clocked by FFT_clk:inst21|tmp
Warning (332060): Node: clk was determined to be a clock but was found without an associated clock assignment.
    Info (13166): Register FFT_clk:inst21|tmp is being clocked by clk
Warning (332060): Node: LPF_FIR_2_CLK:inst27|tmp was determined to be a clock but was found without an associated clock assignment.
    Info (13166): Register LPF_FIR_2:inst41|output_register[35] is being clocked by LPF_FIR_2_CLK:inst27|tmp
Warning (332060): Node: cic_clk:inst24|tmp was determined to be a clock but was found without an associated clock assignment.
    Info (13166): Register TESTCIC2:inst33|output_register[36] is being clocked by cic_clk:inst24|tmp
Warning (332060): Node: Clock_Divider:inst14|tmp was determined to be a clock but was found without an associated clock assignment.
    Info (13166): Register fifo_decimation_3:inst23|fifo_decimation_3_fifo_decimation_3:fifo_decimation_3|fifo_decimation_3_fifo_decimation_3_dcfifo_with_controls:the_dcfifo_with_controls|fifo_decimation_3_fifo_decimation_3_dual_clock_fifo:the_dcfifo|dcfifo:dual_clock_fifo|dcfifo_o7u1:auto_generated|altsyncram_q5d1:fifo_ram|ram_block9a14~porta_datain_reg11 is being clocked by Clock_Divider:inst14|tmp
Warning (332060): Node: Clock_Divider_10:inst10|tmp was determined to be a clock but was found without an associated clock assignment.
    Info (13166): Register NCO_150:inst1|NCO_150_NCO_150:nco_150|asj_nco_mob_rw:ux122|data_out[6] is being clocked by Clock_Divider_10:inst10|tmp
Info (332123): Deriving Clock Uncertainty. Please refer to report_sdc in TimeQuest to see clock uncertainties.
Warning (332056): PLL cross checking found inconsistent PLL clock settings:
    Warning (332056): Node: inst15|pll_0|altera_pll_i|general[0].gpll~FRACTIONAL_PLL|vcoph[0] was found missing 1 generated clock that corresponds to a base clock with a period of: 20.000
Info (332146): Worst-case setup slack is 12.622
    Info (332119):     Slack       End Point TNS Clock 
    Info (332119): ========= =================== =====================
    Info (332119):    12.622               0.000 altera_reserved_tck 
Info (332146): Worst-case hold slack is 0.042
    Info (332119):     Slack       End Point TNS Clock 
    Info (332119): ========= =================== =====================
    Info (332119):     0.042               0.000 altera_reserved_tck 
Info (332146): Worst-case recovery slack is 30.882
    Info (332119):     Slack       End Point TNS Clock 
    Info (332119): ========= =================== =====================
    Info (332119):    30.882               0.000 altera_reserved_tck 
Info (332146): Worst-case removal slack is 0.241
    Info (332119):     Slack       End Point TNS Clock 
    Info (332119): ========= =================== =====================
    Info (332119):     0.241               0.000 altera_reserved_tck 
Info (332146): Worst-case minimum pulse width slack is 15.126
    Info (332119):     Slack       End Point TNS Clock 
    Info (332119): ========= =================== =====================
    Info (332119):    15.126               0.000 altera_reserved_tck 
Info: Analyzing Fast 1100mV 0C Model
Warning (332060): Node: FFT_clk:inst21|tmp was determined to be a clock but was found without an associated clock assignment.
    Info (13166): Register Integral:inst26|count[0] is being clocked by FFT_clk:inst21|tmp
Warning (332060): Node: clk was determined to be a clock but was found without an associated clock assignment.
    Info (13166): Register FFT_clk:inst21|tmp is being clocked by clk
Warning (332060): Node: LPF_FIR_2_CLK:inst27|tmp was determined to be a clock but was found without an associated clock assignment.
    Info (13166): Register LPF_FIR_2:inst41|output_register[35] is being clocked by LPF_FIR_2_CLK:inst27|tmp
Warning (332060): Node: cic_clk:inst24|tmp was determined to be a clock but was found without an associated clock assignment.
    Info (13166): Register TESTCIC2:inst33|output_register[36] is being clocked by cic_clk:inst24|tmp
Warning (332060): Node: Clock_Divider:inst14|tmp was determined to be a clock but was found without an associated clock assignment.
    Info (13166): Register fifo_decimation_3:inst23|fifo_decimation_3_fifo_decimation_3:fifo_decimation_3|fifo_decimation_3_fifo_decimation_3_dcfifo_with_controls:the_dcfifo_with_controls|fifo_decimation_3_fifo_decimation_3_dual_clock_fifo:the_dcfifo|dcfifo:dual_clock_fifo|dcfifo_o7u1:auto_generated|altsyncram_q5d1:fifo_ram|ram_block9a14~porta_datain_reg11 is being clocked by Clock_Divider:inst14|tmp
Warning (332060): Node: Clock_Divider_10:inst10|tmp was determined to be a clock but was found without an associated clock assignment.
    Info (13166): Register NCO_150:inst1|NCO_150_NCO_150:nco_150|asj_nco_mob_rw:ux122|data_out[6] is being clocked by Clock_Divider_10:inst10|tmp
Info (332123): Deriving Clock Uncertainty. Please refer to report_sdc in TimeQuest to see clock uncertainties.
Warning (332056): PLL cross checking found inconsistent PLL clock settings:
    Warning (332056): Node: inst15|pll_0|altera_pll_i|general[0].gpll~FRACTIONAL_PLL|vcoph[0] was found missing 1 generated clock that corresponds to a base clock with a period of: 20.000
Info (332146): Worst-case setup slack is 13.098
    Info (332119):     Slack       End Point TNS Clock 
    Info (332119): ========= =================== =====================
    Info (332119):    13.098               0.000 altera_reserved_tck 
Info (332146): Worst-case hold slack is 0.029
    Info (332119):     Slack       End Point TNS Clock 
    Info (332119): ========= =================== =====================
    Info (332119):     0.029               0.000 altera_reserved_tck 
Info (332146): Worst-case recovery slack is 31.140
    Info (332119):     Slack       End Point TNS Clock 
    Info (332119): ========= =================== =====================
    Info (332119):    31.140               0.000 altera_reserved_tck 
Info (332146): Worst-case removal slack is 0.223
    Info (332119):     Slack       End Point TNS Clock 
    Info (332119): ========= =================== =====================
    Info (332119):     0.223               0.000 altera_reserved_tck 
Info (332146): Worst-case minimum pulse width slack is 15.152
    Info (332119):     Slack       End Point TNS Clock 
    Info (332119): ========= =================== =====================
    Info (332119):    15.152               0.000 altera_reserved_tck 
Info (332102): Design is not fully constrained for setup requirements
Info (332102): Design is not fully constrained for hold requirements
Info: Quartus Prime TimeQuest Timing Analyzer was successful. 0 errors, 57 warnings
    Info: Peak virtual memory: 5638 megabytes
    Info: Processing ended: Wed Nov 16 11:30:45 2022
    Info: Elapsed time: 00:01:03
    Info: Total CPU time (on all processors): 00:02:13


