Info: Starting: Create block symbol file (.bsf)
Info: qsys-generate "C:\Users\Elia Yfrach\Desktop\Project\FM\NCO_IQ.qsys" --block-symbol-file --output-directory="C:\Users\Elia Yfrach\Desktop\Project\FM\NCO_IQ" --family="Cyclone V" --part=5CEBA4F23C7
Progress: Loading FM/NCO_IQ.qsys
Progress: Reading input file
Progress: Adding clk_0 [clock_source 17.0]
Progress: Parameterizing module clk_0
Progress: Adding nco_iq [altera_nco_ii 17.0]
Progress: Parameterizing module nco_iq
Progress: Building connections
Progress: Parameterizing connections
Progress: Validating
Progress: Done reading input file
Info: qsys-generate succeeded.
Info: Finished: Create block symbol file (.bsf)
Info: 
Info: Starting: Create HDL design files for synthesis
Info: qsys-generate "C:\Users\Elia Yfrach\Desktop\Project\FM\NCO_IQ.qsys" --synthesis=VHDL --output-directory="C:\Users\Elia Yfrach\Desktop\Project\FM\NCO_IQ\synthesis" --family="Cyclone V" --part=5CEBA4F23C7
Progress: Loading FM/NCO_IQ.qsys
Progress: Reading input file
Progress: Adding clk_0 [clock_source 17.0]
Progress: Parameterizing module clk_0
Progress: Adding nco_iq [altera_nco_ii 17.0]
Progress: Parameterizing module nco_iq
Progress: Building connections
Progress: Parameterizing connections
Progress: Validating
Progress: Done reading input file
Info: NCO_IQ: Generating NCO_IQ "NCO_IQ" for QUARTUS_SYNTH
Info: nco_iq: "NCO_IQ" instantiated altera_nco_ii "nco_iq"
Info: rst_controller: "NCO_IQ" instantiated altera_reset_controller "rst_controller"
Info: NCO_IQ: Done "NCO_IQ" with 3 modules, 18 files
Info: qsys-generate succeeded.
Info: Finished: Create HDL design files for synthesis
